300
795769099 453934001
415445289 116592401
215643908 561248391
925976653 718675625
986392025 92340761
22621463 392762065
904936156 25933903
944564099 532498665
180857389 568100297
531395110 628471443
441341401 971112577
218539521 116775441
733249701 869652101
818578957 262072729
804784641 280013249
592640417 334623639
443953005 415648096
694921249 53452661
48557339 400207361
641243911 649593473
288064341 124887261
32372071 65530001
855082345 289428911
474814064 614535514
467466046 246252585
549549273 909023521
325107801 225364451
483968225 928373786
610231701 404437281
233311569 508887089
77719463 394101917
789024401 928355569
944642089 242722671
666598539 590560961
189558601 392987465
394600449 962595303
435535476 774934344
796376017 439108801
730060641 663108183
830534937 723785713
609068381 140423547
738692321 244218749
161386881 911960873
882103376 56440769
930112637 152623030
156469745 868962601
65578001 877085793
187344196 534949911
107134561 93972395
890554657 322751427
960950273 433985501
866568307 510674401
452027907 275505933
351517228 578170459
759465596 427748481
978087281 370554877
468946297 143719246
321758161 716361921
353016589 792671577
235751745 535460719
680249751 171184137
150145565 614108961
957752931 204367965
956167889 666660091
179033251 676184705
53488753 858417291
760766003 793323671
865735329 874865601
921859903 466704126
724332837 355124853
552551481 100603676
767389809 890401601
119611161 110246601
821076806 713400321
799745001 40855921
345006001 554832905
621712709 452046213
951577889 500627201
992255601 859097351
891535337 962736009
573304381 775975527
667755376 842114881
701930053 888156773
132762001 770668321
78257581 730290908
782162401 791070257
259528281 50079301
583751261 137606801
414524987 17123681
513386309 665577951
745277841 267840801
785198241 266299201
617142181 219414113
949838535 728906140
633514305 199107585
171478656 797334666
210892449 645347031
94529025 732923277
49357813 318521256
300564801 829914709
175227855 72168126
591373021 441286011
499501701 685793063
331293849 317141441
224030057 954019901
524760551 869036315
311906945 571421145
814705001 942566561
904446529 25325106
557931201 619922971
699798151 427570361
137402921 523686441
535566353 38460801
729712077 594930333
727194464 650272881
761879556 952988169
424119809 998534841
207350101 901337161
190205757 908556070
484334781 525210561
169113673 263908433
307832001 982712626
17350869 131176705
83278873 995443001
744088573 287437331
229072841 986348401
326758661 21476193
804739681 703047690
91083601 406027276
289411789 654162809
104293984 309940377
649918081 943949217
588122261 277053801
836382177 994597531
10111591 68042209
682212750 136620321
257800749 308088876
304649537 788771321
899541451 542866177
509248989 660003781
732295001 794379621
202605665 183958529
550053377 205592576
655913751 739767303
949887001 779304187
537152257 581274885
955434907 470394113
727242790 99008001
61198201 860913121
42152205 953585999
173259305 718510841
271914227 713902339
138531393 965282136
981910081 595243187
116583733 179672341
260472293 568499756
754562675 934856801
974516026 333559051
331190593 917163901
28242081 961814166
402104351 865108553
399877585 551816857
75045971 64162177
674513601 361880291
594697784 200487001
630744601 344697927
899566081 112158825
633363177 628124481
668066257 159279109
875444041 45095329
540592971 904878133
247069871 227980249
527404453 601699005
605411521 98291537
682336121 755741761
324051745 708775009
170655765 584012961
742188539 601693925
607836453 396513417
503343497 122778201
646830253 456403381
532769601 68015105
257168201 504197051
139785857 24966317
745224321 550292851
434528001 768187171
152430601 170621433
100123473 71139587
742523626 258742001
547998901 502668977
309817837 28752711
357108751 641825121
426063599 362177057
46516966 225486741
308323465 369879681
217059521 511668025
737136097 727145921
731052159 252127840
270851676 298422001
618551241 918059613
610576501 62054018
174653569 155115209
916164281 44577281
339085191 871471905
909804601 636109689
167863519 296582276
201498901 893122089
632347425 373136849
608598561 552643539
729576937 668479861
788641401 819293329
384002169 151883347
962303849 297802729
616064961 966002913
152233001 43976319
160761075 149083185
784943505 663895443
562233493 538908721
708365241 480195184
835382801 343047351
238902993 67178556
957583307 758238721
528670835 42423581
90587561 350360174
457875346 360491541
31342857 350537121
37577055 335008681
577748641 493101233
974814519 581908971
15404501 365873325
344299797 672002771
737846751 760657681
978731521 509018241
549788101 713870797
54945793 512906585
65154753 71376961
300436545 921700136
285934801 730805305
537979423 887712001
454994541 419904193
496875421 198686351
835052913 797711441
403226801 729631301
367441121 589127239
974211592 224052021
630905041 284248965
995531919 383275073
353799681 366847649
603499641 383266509
692354705 412120811
253865025 513141083
986821921 218710041
787143041 223368257
25138481 453372541
944825067 620894476
258398209 192559597
955747251 397056756
982848985 251946041
776665569 398986959
208894841 608383289
103563585 684923815
704197337 736670849
978893199 795610796
900334081 157321163
574397931 867819241
463967426 267836925
437836121 278770551
236181251 157864706
50712437 122023425
364491241 978249278
594954096 106780587
676957569 316956323
143050581 877953121
780389189 19506774
384953071 915955553
6255697 922896741
602163681 140710269
330837685 768834841
108714513 403867041
938058451 615382636
397493349 244158491
579384151 543801431
203164141 310996289
889321933 133487951
89461057 518951801
620463565 679340465
226158857 92632361
316630869 528873089
8031631 773574273
239267889 742043851
209587881 519179331
48847451 627109661
333442009 567020041
954889889 690593205
822682196 605358649
522940049 525270001
239932121 791762924
654685945 55346542
43105455 324747481
591954501 277634365
