make.exe all --print-data-base --no-builtin-variables --no-builtin-rules --question
make.exe: *** No rule to make target 'all'.  Stop.

# GNU Make 4.2.1
# Built for x86_64-w64-mingw32
# Copyright (C) 1988-2016 Free Software Foundation, Inc.
# License GPLv3+: GNU GPL version 3 or later <http://gnu.org/licenses/gpl.html>
# This is free software: you are free to change and redistribute it.
# There is NO WARRANTY, to the extent permitted by law.

# Make data base, printed on Mon Aug 22 19:39:38 2022

# Variables

# 'override' directive
GNUMAKEFLAGS := 
# automatic
<D = $(patsubst %/,%,$(patsubst %\,%,$(dir $<)))
# automatic
?F = $(notdir $?)
# default
.SHELLFLAGS := -c
# makefile
MAKEFLAGS = pqrR
# environment
VSCODE_LOG_NATIVE = false
# automatic
?D = $(patsubst %/,%,$(patsubst %\,%,$(dir $?)))
# automatic
@D = $(patsubst %/,%,$(patsubst %\,%,$(dir $@)))
# environment
HOMEDRIVE = C:
# automatic
@F = $(notdir $@)
# automatic
^D = $(patsubst %/,%,$(patsubst %\,%,$(dir $^)))
# makefile
CURDIR := d:/BaiduNetdiskWorkspace/C-Code/2022-UESTC-ICPC-summer-training
# default
SHELL := C:/Program Files/Git/bin/sh.exe
# environment
NVCUDASAMPLES11_2_ROOT = D:\ProgramData\NVIDIA Corporation\CUDA Samples\v11.2
# environment
WINDIR = C:\Windows
# environment
VSCODE_NLS_CONFIG = {"locale":"zh-cn","availableLanguages":{"*":"zh-cn"},"_languagePackId":"1a7316c624e1dd66d26cf581ee0fb4ca.zh-cn","_translationsConfigFile":"C:\\Users\\LENOVO\\AppData\\Roaming\\Code\\clp\\1a7316c624e1dd66d26cf581ee0fb4ca.zh-cn\\tcf.json","_cacheRoot":"C:\\Users\\LENOVO\\AppData\\Roaming\\Code\\clp\\1a7316c624e1dd66d26cf581ee0fb4ca.zh-cn","_resolvedLanguagePackCoreLocation":"C:\\Users\\LENOVO\\AppData\\Roaming\\Code\\clp\\1a7316c624e1dd66d26cf581ee0fb4ca.zh-cn\\dfd34e8260c270da74b5c2d86d61aee4b6d56977","_corruptedFile":"C:\\Users\\LENOVO\\AppData\\Roaming\\Code\\clp\\1a7316c624e1dd66d26cf581ee0fb4ca.zh-cn\\corrupted.info","_languagePackSupport":true}
# environment
PYCHARM COMMUNITY EDITION = D:\Program Files\PyCharm Community Edition 2021.2.2\bin;
# environment
ONEDRIVE = E:\OneDrive
# environment
PATHEXT = .COM;.EXE;.BAT;.CMD;.VBS;.VBE;.JS;.JSE;.WSF;.WSH;.MSC
# makefile
MAKEFILE_LIST := 
# environment
TMP = C:\Users\LENOVO\AppData\Local\Temp
# environment
VSCODE_VERBOSE_LOGGING = true
# environment
PROGRAMW6432 = C:\Program Files
# environment
PROGRAMDATA = C:\ProgramData
# environment
VSCODE_IPC_HOOK_EXTHOST = \\.\pipe\vscode-ipc-f7d182ff-4d2e-4400-a7f8-155fba8612cd-sock
# environment
VSCODE_CWD = D:\BaiduNetdiskWorkspace\C-Code\2022-UESTC-ICPC-summer-training
# default
MAKE_HOST := x86_64-w64-mingw32
# environment
PATH = D:\Program Files\NVIDA GPU Computing Toolkit\CUDA\v11.2\bin;D:\Program Files\NVIDA GPU Computing Toolkit\CUDA\v11.2\libnvvp;D:\Program Files\NVIDA GPU Computing Toolkit\CUDA\v11.2\extras\CUPTI\lib64;D:\Program Files\NVIDA GPU Computing Toolkit\CUDA\v11.2\cudnn\bin;D:\LenovoSoftstore\Anaconda3;D:\LenovoSoftstore\Anaconda3\Library\mingw-w64\bin;D:\LenovoSoftstore\Anaconda3\Library\usr\bin;D:\LenovoSoftstore\Anaconda3\Library\bin;D:\LenovoSoftstore\Anaconda3\Scripts;C:\Program Files (x86)\VMware\VMware Workstation\bin\;C:\Windows\system32;C:\Windows;C:\Windows\System32\Wbem;C:\Windows\System32\WindowsPowerShell\v1.0\;C:\Windows\System32\OpenSSH\;C:\Program Files (x86)\NVIDIA Corporation\PhysX\Common;C:\Program Files\NVIDIA Corporation\NVIDIA NvDLISR;C:\Program Files (x86)\NetSarang\Xshell 7\;C:\Program Files\Git\cmd;C:\Program Files\Git\bin;C:\Program Files\nodejs\;C:\Users\LENOVO\AppData\Local\Programs\Python\Python39\Scripts;D:\GreenSoftwares\ncat-portable-5.59BETA1;C:\Users\LENOVO\AppData\Local\Programs\Python\Python39;C:\Program Files\WireGuard\;D:\Program Files\Microsoft VS Code\bin;C:\Program Files\NVIDIA Corporation\Nsight Compute 2020.3.0\;C:\Program Files (x86)\STMicroelectronics\STM32 ST-LINK Utility\ST-LINK Utility;D:\Program Files\MinGW\bin;C:\Users\LENOVO\AppData\Local\Microsoft\WindowsApps;C:\Users\LENOVO\AppData\Roaming\npm;C:\Users\LENOVO\AppData\Local\Pandoc\;D:\Program Files\PyCharm Community Edition 2021.2.2\bin;D:\Program Files\MinGW\include;D:\LenovoSoftstore\Anaconda3\Lib;D:\Program Files\PyCharm 2021.3.2\bin
# environment
COMMONPROGRAMW6432 = C:\Program Files\Common Files
# environment
PROCESSOR_ARCHITECTURE = AMD64
# environment
USERPROFILE = C:\Users\LENOVO
# environment
ALLUSERSPROFILE = C:\ProgramData
# environment
VSCODE_LOG_STACK = false
# environment
NUMBER_OF_PROCESSORS = 16
# environment
ELECTRON_RUN_AS_NODE = 1
# default
.FEATURES := target-specific order-only second-expansion else-if shortest-stem undefine oneshell archives jobserver output-sync
# environment
PYTHONHOME = D:\LenovoSoftstore\Anaconda3
# environment
NVTOOLSEXT_PATH = C:\Program Files\NVIDIA Corporation\NvToolsExt\
# automatic
%F = $(notdir $%)
# environment
CHROME_CRASHPAD_PIPE_NAME = \\.\pipe\crashpad_6020_VFNRJLOGZMTJUOIH
# environment
VSCODE_PIPE_LOGGING = true
# environment
COMPUTERNAME = LAPTOP-V351JDD8
# environment
PROGRAMFILES = C:\Program Files
# default
.LOADED := 
# environment
CUDA_PATH_V11_2 = D:\Program Files\NVIDA GPU Computing Toolkit\CUDA\v11.2
# environment
DRIVERDATA = C:\Windows\System32\Drivers\DriverData
# environment
NVCUDASAMPLES_ROOT = D:\ProgramData\NVIDIA Corporation\CUDA Samples\v11.2
# environment
ORIGINAL_XDG_CURRENT_DESKTOP = undefined
# environment
USERNAME = LENOVO
# environment
PUBLIC = C:\Users\Public
# environment
VSCODE_AMD_ENTRYPOINT = vs/workbench/api/node/extensionHostProcess
# environment
VSCODE_CODE_CACHE_PATH = C:\Users\LENOVO\AppData\Roaming\Code\CachedData\dfd34e8260c270da74b5c2d86d61aee4b6d56977
# environment
APPLICATION_INSIGHTS_NO_DIAGNOSTIC_CHANNEL = true
# environment
COMMONPROGRAMFILES = C:\Program Files\Common Files
# environment
LOGONSERVER = \\LAPTOP-V351JDD8
# environment
VSCODE_HANDLES_UNCAUGHT_ERRORS = true
# environment
USERDOMAIN = LAPTOP-V351JDD8
# environment
MAKELEVEL := 0
# default
MAKE = $(MAKE_COMMAND)
# default
MAKECMDGOALS := all
# default
MAKE_VERSION := 4.2.1
# makefile
.DEFAULT_GOAL := 
# environment
PROGRAMFILES(X86) = C:\Program Files (x86)
# automatic
%D = $(patsubst %/,%,$(patsubst %\,%,$(dir $%)))
# environment
LOCALAPPDATA = C:\Users\LENOVO\AppData\Local
# environment
PSMODULEPATH = C:\Program Files\WindowsPowerShell\Modules;C:\Windows\system32\WindowsPowerShell\v1.0\Modules
# default
MAKE_COMMAND := make.exe
# default
.VARIABLES := 
# automatic
*F = $(notdir $*)
# environment
PROCESSOR_IDENTIFIER = AMD64 Family 25 Model 80 Stepping 0, AuthenticAMD
# environment
OS = Windows_NT
# environment
VSCODE_IPC_HOOK = \\.\pipe\0ae98414ad0d9c7d28fffada35881052-1.66.2-main-sock
# environment
HOMEPATH = \Users\LENOVO
# environment
COMMONPROGRAMFILES(X86) = C:\Program Files (x86)\Common Files
# environment
PROMPT = $P$G
# environment
MFLAGS = -pqrR
# automatic
*D = $(patsubst %/,%,$(patsubst %\,%,$(dir $*)))
# environment
SYSTEMROOT = C:\Windows
# automatic
+D = $(patsubst %/,%,$(patsubst %\,%,$(dir $+)))
# automatic
+F = $(notdir $+)
# environment
APPDATA = C:\Users\LENOVO\AppData\Roaming
# environment
__COMPAT_LAYER = RunAsAdmin
# environment
TEMP = C:\Users\LENOVO\AppData\Local\Temp
# environment
COMSPEC = C:\Windows\system32\cmd.exe
# default
MAKEFILES := 
# automatic
<F = $(notdir $<)
# environment
LC_ALL = C
# automatic
^F = $(notdir $^)
# environment
CUDA_PATH = D:\Program Files\NVIDA GPU Computing Toolkit\CUDA\v11.2
# default
SUFFIXES := 
# environment
SYSTEMDRIVE = C:
# environment
PROCESSOR_REVISION = 5000
# environment
PYCHARM = D:\Program Files\PyCharm 2021.3.2\bin;
# default
.RECIPEPREFIX := 
# environment
LANG = C
# environment
PROCESSOR_LEVEL = 25
# environment
VSCODE_PID = 6020
# environment
USERDOMAIN_ROAMINGPROFILE = LAPTOP-V351JDD8
# variable set hash-table stats:
# Load=98/1024=10%, Rehash=0, Collisions=15/115=13%

# Pattern-specific Variable Values

# No pattern-specific variable values.

# Directories

# . (key d:/BaiduNetdiskWorkspace/C-Code/2022-UESTC-ICPC-summer-training, mtime 1661168363): 46 files, no impossibilities.

# 46 files, no impossibilities in 1 directories.

# Implicit Rules

# No implicit rules.

# Files

# Not a target:
all:
#  Command line target.
#  Implicit rule search has been done.
#  File does not exist.
#  File has not been updated.

# Not a target:
Makefile:
#  Implicit rule search has been done.
#  File does not exist.
#  File has been updated.
#  Failed to be updated.

# Not a target:
makefile:
#  Implicit rule search has been done.
#  File does not exist.
#  File has been updated.
#  Failed to be updated.

# Not a target:
makefile.mak:
#  Implicit rule search has been done.
#  File does not exist.
#  File has been updated.
#  Failed to be updated.

# Not a target:
.DEFAULT:
#  Implicit rule search has not been done.
#  Modification time never checked.
#  File has not been updated.

# Not a target:
GNUmakefile:
#  Implicit rule search has been done.
#  File does not exist.
#  File has been updated.
#  Failed to be updated.

# files hash-table stats:
# Load=7/1024=1%, Rehash=0, Collisions=0/16=0%
# VPATH Search Paths

# No 'vpath' search paths.

# No general ('VPATH' variable) search path.

# strcache buffers: 1 (0) / strings = 53 / storage = 337 B / avg = 6 B
# current buf: size = 8162 B / used = 337 B / count = 53 / avg = 6 B

# strcache performance: lookups = 55 / hit rate = 3%
# hash-table stats:
# Load=53/8192=1%, Rehash=0, Collisions=7/55=13%
# Finished Make data base on Mon Aug 22 19:39:38 2022

 
