d:\baidunetdiskworkspace\c-code\2.23\2.23-2.27算法练习\x64\debug\2.23-2.27算法练习.ipdb
d:\baidunetdiskworkspace\c-code\2.23\2.23-2.27算法练习\x64\debug\2.23-2.27算法练习.iobj
d:\baidunetdiskworkspace\c-code\2.23\2.23-2.27算法练习\x64\debug\vc143.pdb
d:\baidunetdiskworkspace\c-code\2.23\2.23-2.27算法练习\x64\debug\机器人塔.obj
d:\baidunetdiskworkspace\c-code\2.23\2.23-2.27算法练习\x64\debug\机器人塔std.obj
d:\baidunetdiskworkspace\c-code\2.23\2.23-2.27算法练习\x64\debug\完全二叉树的权值.obj
d:\baidunetdiskworkspace\c-code\2.23\2.23-2.27算法练习\x64\debug\四平方和.obj
d:\baidunetdiskworkspace\c-code\2.23\2.23-2.27算法练习\x64\debug\外卖店优先级.obj
d:\baidunetdiskworkspace\c-code\2.23\2.23-2.27算法练习\x64\debug\修改数组.obj
d:\baidunetdiskworkspace\c-code\2.23\2.23-2.27算法练习\x64\debug\sts.obj
d:\baidunetdiskworkspace\c-code\2.23\2.23-2.27算法练习\x64\debug\糖果.obj
d:\baidunetdiskworkspace\c-code\2.23\2.23-2.27算法练习\x64\debug\成绩分析.obj
d:\baidunetdiskworkspace\c-code\2.23\2.23-2.27算法练习\x64\debug\回文日期.obj
d:\baidunetdiskworkspace\c-code\2.23\2.23-2.27算法练习\x64\debug\子串分值.obj
d:\baidunetdiskworkspace\c-code\2.23\2.23-2.27算法练习\x64\debug\字串排序.obj
d:\baidunetdiskworkspace\c-code\2.23\2.23-2.27算法练习\x64\debug\砝码称重.obj
d:\baidunetdiskworkspace\c-code\2.23\2.23-2.27算法练习\x64\debug\2.23-2.27算法练习.exe
d:\baidunetdiskworkspace\c-code\2.23\2.23-2.27算法练习\x64\debug\2.23-2.27算法练习.pdb
d:\baidunetdiskworkspace\c-code\2.23\2.23-2.27算法练习\x64\debug\2.23-2.27算法练习.tlog\2.23-2.27算法练习.write.1u.tlog
d:\baidunetdiskworkspace\c-code\2.23\2.23-2.27算法练习\x64\debug\2.23-2.27算法练习.tlog\cl.command.1.tlog
d:\baidunetdiskworkspace\c-code\2.23\2.23-2.27算法练习\x64\debug\2.23-2.27算法练习.tlog\cl.read.1.tlog
d:\baidunetdiskworkspace\c-code\2.23\2.23-2.27算法练习\x64\debug\2.23-2.27算法练习.tlog\cl.write.1.tlog
d:\baidunetdiskworkspace\c-code\2.23\2.23-2.27算法练习\x64\debug\2.23-2.27算法练习.tlog\link.command.1.tlog
d:\baidunetdiskworkspace\c-code\2.23\2.23-2.27算法练习\x64\debug\2.23-2.27算法练习.tlog\link.read.1.tlog
d:\baidunetdiskworkspace\c-code\2.23\2.23-2.27算法练习\x64\debug\2.23-2.27算法练习.tlog\link.write.1.tlog
