d:\baidunetdiskworkspace\c-code\2022春acm算法与程序设计练习题2\x64\debug\vc143.pdb
d:\baidunetdiskworkspace\c-code\2022春acm算法与程序设计练习题2\x64\debug\clock.obj
d:\baidunetdiskworkspace\c-code\2022春acm算法与程序设计练习题2\x64\debug\b-clock.obj
d:\baidunetdiskworkspace\c-code\2022春acm算法与程序设计练习题2\x64\debug\a-木杆上的蚂蚁.obj
d:\baidunetdiskworkspace\c-code\2022春acm算法与程序设计练习题2\x64\debug\c-论文搜索.obj
d:\baidunetdiskworkspace\c-code\2022春acm算法与程序设计练习题2\x64\debug\d-passing the ball.obj
d:\baidunetdiskworkspace\c-code\2022春acm算法与程序设计练习题2\x64\debug\k-昊昊爱运动.obj
d:\baidunetdiskworkspace\c-code\2022春acm算法与程序设计练习题2\x64\debug\e-little_pro的driver朋友们和他的魔法.obj
d:\baidunetdiskworkspace\c-code\2022春acm算法与程序设计练习题2\x64\debug\2022春acm算法与程序设计练习题2.exe
d:\baidunetdiskworkspace\c-code\2022春acm算法与程序设计练习题2\x64\debug\2022春acm算法与程序设计练习题2.pdb
d:\baidunetdiskworkspace\c-code\2022春acm算法与程序设计练习题2\x64\debug\g-蛇形填数.obj
d:\baidunetdiskworkspace\c-code\2022春acm算法与程序设计练习题2\x64\debug\h-旋转字符矩阵.obj
d:\baidunetdiskworkspace\c-code\2022春acm算法与程序设计练习题2\x64\debug\i-猴子选大王.obj
d:\baidunetdiskworkspace\c-code\2022春acm算法与程序设计练习题2\x64\debug\j-今天是第几天.obj
d:\baidunetdiskworkspace\c-code\2022春acm算法与程序设计练习题2\x64\debug\k-能被3和11整除吗.obj
d:\baidunetdiskworkspace\c-code\2022春acm算法与程序设计练习题2\x64\debug\l-快乐的跳跃者.obj
d:\baidunetdiskworkspace\c-code\2022春acm算法与程序设计练习题2\x64\debug\m-能否被3整除2.obj
d:\baidunetdiskworkspace\c-code\2022春acm算法与程序设计练习题2\x64\debug\n-输出前m大的数据.obj
d:\baidunetdiskworkspace\c-code\2022春acm算法与程序设计练习题2\x64\debug\2022春acm算法与程序设计练习题1.pdb
d:\baidunetdiskworkspace\c-code\2022春acm算法与程序设计练习题2\x64\debug\2022春acm.443c592d.tlog\cl.command.1.tlog
d:\baidunetdiskworkspace\c-code\2022春acm算法与程序设计练习题2\x64\debug\2022春acm.443c592d.tlog\cl.read.1.tlog
d:\baidunetdiskworkspace\c-code\2022春acm算法与程序设计练习题2\x64\debug\2022春acm.443c592d.tlog\cl.write.1.tlog
d:\baidunetdiskworkspace\c-code\2022春acm算法与程序设计练习题2\x64\debug\2022春acm.443c592d.tlog\link.command.1.tlog
d:\baidunetdiskworkspace\c-code\2022春acm算法与程序设计练习题2\x64\debug\2022春acm.443c592d.tlog\link.read.1.tlog
d:\baidunetdiskworkspace\c-code\2022春acm算法与程序设计练习题2\x64\debug\2022春acm.443c592d.tlog\link.write.1.tlog
