d:\baidunetdiskworkspace\c-code\3.1\x64\debug\vc143.pdb
d:\baidunetdiskworkspace\c-code\3.1\x64\debug\c-最大公约数与最小公倍数.obj
d:\baidunetdiskworkspace\c-code\3.1\x64\debug\d-分数运算.obj
d:\baidunetdiskworkspace\c-code\3.1\x64\debug\e-排列问题.obj
d:\baidunetdiskworkspace\c-code\3.1\x64\debug\f-开灯问题.obj
d:\baidunetdiskworkspace\c-code\3.1\x64\debug\2022春acm算法与程序设计练习题1.exe
d:\baidunetdiskworkspace\c-code\3.1\x64\debug\2022春acm算法与程序设计练习题1.pdb
d:\baidunetdiskworkspace\c-code\3.1\x64\debug\a-中间数.obj
d:\baidunetdiskworkspace\c-code\3.1\x64\debug\b-跳水打分问题.obj
d:\baidunetdiskworkspace\c-code\3.1\x64\debug\sts.obj
d:\baidunetdiskworkspace\c-code\3.1\x64\debug\异或数列.obj
d:\baidunetdiskworkspace\c-code\3.1\x64\debug\砝码称重.obj
d:\baidunetdiskworkspace\c-code\3.1\x64\debug\货物摆放.obj
d:\baidunetdiskworkspace\c-code\3.1\x64\debug\2.23-2.27算法练习.pdb
d:\baidunetdiskworkspace\c-code\3.1\x64\debug\2022春acm.443c592d.tlog\cl.command.1.tlog
d:\baidunetdiskworkspace\c-code\3.1\x64\debug\2022春acm.443c592d.tlog\cl.read.1.tlog
d:\baidunetdiskworkspace\c-code\3.1\x64\debug\2022春acm.443c592d.tlog\cl.write.1.tlog
d:\baidunetdiskworkspace\c-code\3.1\x64\debug\2022春acm.443c592d.tlog\link.command.1.tlog
d:\baidunetdiskworkspace\c-code\3.1\x64\debug\2022春acm.443c592d.tlog\link.read.1.tlog
d:\baidunetdiskworkspace\c-code\3.1\x64\debug\2022春acm.443c592d.tlog\link.write.1.tlog
