179704874
165711161
643552972
677106937
596726848
237460101
741589130
277074254
455843042
633638512
620117515
259177848
984208568
255104601
453089642
383540699
672158967
864174970
892752840
688110569
317354253
740921496
103784784
118867315
899140898
83606683
644341426
857511056
278308174
367511151
903281481
199465852
484283850
817523465
422180010
889437825
222326458
441095808
358006453
648964893
13164242
915557301
687335958
701041955
719878624
957893462
476675342
411049328
920464528
904739204
185183546
301326951
845340620
483133987
709867091
670694045
289762829
311439371
293559036
195725495
428812220
840850670
578434618
569588169
433102651
803188407
443544853
3666573
818024069
793429156
923547088
136998943
588368202
659701178
919595934
352576441
12720521
664788267
794347833
694740126
718901295
314909097
483070392
418430342
278647371
821093068
693125745
975090524
848885385
258883968
478186950
604827253
199275973
611302162
291358420
261541785
35926037
501955087
156341349
960841991
137207961
240451899
137183823
260471906
598821593
934082401
486146100
673691371
851029007
11765416
373195823
349609737
649789126
967235851
827780091
305455505
700593574
575394430
552551305
68191187
650662155
332794321
806975096
954466671
254416811
333476081
50307135
976665094
409635041
645917148
553605844
364231174
995881797
367819623
794085688
106173215
995455901
916125252
251076002
497615829
76708365
284958561
330118304
200872167
601764110
920083008
305013651
923080253
125157045
985744507
691308181
808395752
164559768
916924841
560985518
873631134
410741075
692346228
689565228
549187220
538175554
970405438
237220249
791251008
670106212
204004364
283066159
143236723
723185980
486134238
103322838
169126196
268237326
667958309
632508414
618067369
112561743
262080408
367285366
720908341
563452289
655382424
78735931
260648620
245049204
653869176
331767129
802449320
107644513
313923468
491249131
881653567
946735924
579710163
958664427
620730370
422825961
698732547
387287104
735338257
885924237
229761579
858875474
275438747
968414523
59448938
438494484
672223582
122182050
729261690
851923657
735476739
574071553
650442330
652681850
461263394
147453530
300124848
198812528
770557978
795019487
749285292
479743795
272193898
674806118
500628687
641107909
802899184
177343790
486692565
270109080
944332159
296733422
943963742
355236900
729199751
466759545
225465115
990116836
427619892
810766605
390616540
478992393
450449290
122949266
477398177
495148606
117320567
128195128
210854987
578182075
126502948
173452495
304780644
686493254
767711832
404948234
583778569
12783456
813232019
99527146
719172532
275625594
503088214
493487442
839590250
845454684
163810583
605646060
968700890
461328853
193834290
296519891
475055878
65170396
312243982
953924085
393256350
972461521
85478935
504412329
560727351
798270945
354334958
690413773
701245578
826525518
821321068
452160291
263819369
597547815
290758008
30432677
988621611
788270664
812617101
722738556
223332259
258864482
763495012
715985650
137676296
408990990
481757280
916905047
579967891
726931507
959037869
969434293
27845387
375415546
605434987
678923775
41522266
656453639
848272674
502158727
337850455
345175105
466533621
183580259
658391656
157447029
92479549
288246229
386570239
734062206
110594378
78523414
839057090
703204133
831867892
109259353
369634437
721776317
537998205
416666682
515830303
868467188
889811899
604038716
434214922
279556018
759878058
976189587
403100180
254492538
454277075
134460171
193412749
402414929
576994853
666363308
971784696
559180587
762694280
585403529
479730510
317529358
946838799
244500398
783935410
788875003
91730327
184884353
52823181
52390968
916264728
427460612
15510445
202560806
655189660
392996045
108394928
184182339
116475096
959881444
143597656
482077993
235022626
238605362
85414041
321743990
878519040
734965184
91603390
578860091
56589968
434210364
986855115
710345878
881013060
159213740
67337956
176119177
214600836
915778868
185872832
316107166
34897646
11771004
282668337
313668035
501662259
676285610
627246665
36831589
840485458
807682154
718516069
218182177
222987406
22959365
325088727
938335978
41824275
375776308
653771798
935113369
884551259
821729600
2312710
621752946
684781956
215849741
694815025
875138334
189846069
750719712
482939163
438483337
155153361
566591658
510992848
324124977
901201547
931093957
348823067
892282749
875039605
459249069
323842223
475974388
493800952
776177611
793480810
98097383
930961943
32434817
35016334
183293300
938100398
285268155
967555563
533303648
607465103
615411405
883941818
283846391
384429288
383399707
706947804
296929752
793155204
658482955
333076774
147159418
773933337
476495903
204918370
603910322
437987323
252557257
582394268
793801947
722786430
629671062
801174799
974890152
503749389
641882189
559556784
750407322
859027042
160054880
197467886
779339804
842095937
688616016
567081312
97967278
285971707
892643386
730074933
352290383
340561528
941248272
542677586
666225701
479880818
602459794
265596393
959699605
601224395
143994953
701979362
774486822
469426819
612897757
664884535
841199324
950892828
603067282
723838164
243267391
80004198
375065381
185027165
918834946
345389962
501150571
144454771
855534274
241651745
937575717
558364366
578526357
201470211
218950910
358666941
822069770
22506103
32469987
352026280
708797117
169283654
402770006
663303146
585096829
643981264
768938468
600062799
597637832
333091187
70474919
984465642
828967276
71611451
158878953
18225876
707702309
822976201
810972691
873133307
921529138
303815256
892881441
193729854
582672056
388828094
498769892
226603577
775879301
274556164
515797926
15514255
221937012
259998926
760632228
661849718
563280658
218248712
911844731
278130159
986474006
465942873
776807100
548103488
639128089
771399059
284943607
321597930
296747394
11723368
7306620
404861398
404664081
845772507
900218432
960880673
431991171
762050660
802108282
987263782
770995063
716168212
711985479
906719162
254390655
60956852
931572385
815789839
86817394
409521561
594320188
810010807
774646945
192434149
939232542
755177005
451799180
958255575
382383949
100572191
777809877
819755754
134894617
604612197
552493029
621453860
787341955
782821858
638790072
37058737
884798371
620585185
634010654
546818929
402066141
432145245
956920910
357530382
655605869
834136635
28501
545326309
516024178
77204149
777269168
67492691
970086181
93214700
482951000
450943379
759800656
71281499
265208592
88440846
426579230
108553465
286144218
917432941
490443418
561226758
590870428
439668268
91611281
73692025
77914481
965811707
71947344
487233463
291856256
171483881
768852726
353992939
495334969
963359630
877651179
429653341
953766733
801247621
814793953
383407744
314258771
583243619
992432057
391124875
346946016
410865169
503670000
305299108
913834449
22797359
208582986
767791699
891820108
190848059
297161354
332431996
433928738
952325094
596146369
737871020
205800991
879489735
725708944
812619617
167864526
926126215
893797240
677914857
913809972
387073943
429733776
809838591
753305300
440466581
887754713
327824928
597250052
626421568
606613386
943604871
374144901
576786153
350975596
423642729
47774823
373052831
431103033
80872257
683513119
329649614
732672888
543601122
123922399
235591248
119593273
275289149
24477249
142465939
283381828
927514579
676767487
198170833
280215625
458791298
49871784
662868955
221037912
111592580
291654845
251739604
410118641
110880977
296067619
800732763
173903147
111208000
306198049
675610165
647511278
926313729
440039873
387104160
278597337
643618043
38869560
857432557
504162184
357495282
50271584
334514506
616586277
617606535
854197131
130457699
504746490
40103701
656260798
253689953
18419343
177917526
686316273
327649716
850314010
937537900
125641835
131052946
755668309
281851278
737039696
730461335
109424325
631941794
722327844
562589873
796927112
792021422
473451653
695375322
149672523
401965041
840989638
49984886
142387312
905156179
83981886
151428
649711344
738080317
993420091
526355805
483529421
152378417
214511225
542827242
824614152
724590865
581076728
43027344
564525124
380015610
616257736
713143620
198739954
63746509
733667547
629854097
955539849
957982934
586737426
378765386
307009104
601468851
149278527
815786931
166168763
785975456
702487654
712295207
384183324
53886787
68603203
428472972
622771832
562692630
955891684
810053160
481731859
54323709
190531750
815621569
437508335
280480108
877382958
248712691
250835396
198875927
466827620
78470361
607890396
865880869
426910387
165795937
635078148
916557818
770759316
76126160
221393760
598955935
604511000
396793020
79065083
713224747
369274006
742874912
734557348
648198170
61554938
168151827
585799204
848635937
238568730
670349088
616305389
59078346
546864615
124467075
581431812
569292628
670940539
462844336
808101916
895499849
823949920
222563495
12633551
128042463
688165805
887911446
940355672
267697919
637435970
833058852
298179994
128759220
329554072
820450859
951430630
314698806
87856040
102008570
978087946
788380251
22912762
663646697
708913335
340658393
644305419
934133300
621718066
602794043
239875506
666954038
363434939
819118660
830361610
810138037
101623624
142492737
115226606
705136146
971654664
466510298
37986139
587631388
13323248
752839223
630532887
589796874
822603933
933506272
22712672
564811474
21711144
83106460
161671307
914565013
558972598
303899220
844119539
624024840
853387713
566801833
94664200
572390470
369291046
222041804
72980954
64991374
869061637
34776883
58925364
138593847
161916413
