90094621
190450229
19893737
364062712
679252746
495994733
617425166
641288735
975418631
377755338
606259997
529546032
666519940
218905319
465882262
148351650
252731413
217319555
362042698
634527491
642096938
35695090
564656522
891302543
520847056
815303768
935516061
654453349
264833298
508305069
691955145
511027106
804477039
243178696
278964558
625749924
840866767
763655326
658593082
36813130
993918458
643421803
439290371
186985810
473354486
509616431
15348124
365504487
50003893
245590001
666926630
838134112
600412990
282130880
257083808
459000707
421468538
859813850
366646094
72515294
911889936
800696769
240118058
423043848
951663177
138586145
658243927
806652053
521625950
190990918
194126529
759822014
929733256
797307767
255101356
325517564
468528630
115042115
887108649
396731501
183996497
299506003
510769399
36919694
275088695
303084336
385009227
524218928
498626339
782206839
883426326
43143092
939180063
170118428
105294703
52481075
637886082
159234869
543249615
299969007
848481693
203124759
75646394
838905390
217328071
537660999
256002527
395730667
835770039
788846274
268886417
765300794
383224551
78031534
202154041
851748172
426478912
421456195
872704136
541197017
117109583
96494198
380634369
352140836
452788771
586869391
919901921
661871329
573881664
558148107
522773642
916056360
416072437
883443246
181039341
927851487
391879153
585748711
783154846
839336198
457451055
95218125
975358183
753270576
408718380
532504409
663115373
698100192
72644411
960069767
903900863
688772355
182923720
207622083
848333448
95302361
155475589
509543712
274552160
568528746
615194251
354086129
840295133
458164930
997970588
483464387
910051952
134061336
475147926
898024627
930463007
902470182
774226227
422127567
148530274
524964732
89310300
292739054
368502756
106231967
564130255
454799381
976165577
923152653
236912
774460134
215961960
349635339
344521271
408846268
584037879
372133009
856817890
390479376
755175673
90199849
83102007
918321296
366190906
386401547
898226349
750892054
771835051
609667030
241467921
510806200
394061696
199610500
624935381
405481091
370209631
470675280
788959582
733723717
308606747
955176763
413519643
342525115
64745738
939617703
862510697
112890423
221557705
898646301
426636366
673257083
480502416
19474099
507606565
88127427
491219191
475053167
764926568
12447906
692132741
630741615
175475587
628570095
803073057
79143496
306239419
208084627
829843689
875540958
610350355
858949068
782081346
220101099
820147808
299388806
975852557
470300576
609676036
209718936
628222319
513708738
670894424
947824519
154345753
40971005
344402203
692984671
747564975
596953488
437534278
948329023
609622413
428556978
97091998
329151442
201256957
593457251
47292220
450139559
515279504
201576317
170590135
450985402
358563148
159782174
451561303
755118197
211139347
946005671
905443658
716452015
406994707
499577009
723903738
470520529
235021123
267230926
116792651
143311290
925661257
229876447
911577983
442976761
379771914
589906725
152502123
719886675
828806874
586799848
994369681
374399020
209851895
396865245
982962599
446253502
645964012
40561295
687474242
164064091
334514812
347887846
498199388
153122265
669644099
329880508
646465767
889687518
264801313
396718562
539041392
640783479
901160751
592350580
880416860
807381401
735017849
548329979
860461261
230617990
341169536
736606880
392281125
785665220
593786484
956603275
627357422
524376862
872723472
555796947
179992078
9103903
535241895
788697582
806330820
234320915
307436472
682367626
257555209
27119107
418705783
90654166
406842992
298443943
467587003
98071627
646758107
658808989
834611612
488028545
956431441
993280199
931339123
676456650
389949204
240292584
390140428
647636363
307695971
138506104
885030781
337742254
915616830
107706449
560150606
236867208
793120645
129613507
898950170
364804135
7961585
326230108
281795625
599930333
747898731
9939513
772015200
252398623
620625240
676732288
74414253
618251268
21104933
857666073
449096640
204990652
450450494
49075595
618863353
151220786
235734825
144398922
545675446
250273851
350883094
211907595
847429841
196968208
741928558
981729909
569060724
260437523
109602354
21429270
800694188
581471831
466733845
230995184
52946204
155147010
361287654
273491432
498715343
619793183
956001754
191248692
471274872
369653690
913433033
770053650
816235679
903487094
915804321
679791171
345879928
278241830
560326931
150619780
990028625
330695145
842084428
418800229
992796709
38162903
526528564
823274255
383008832
368958393
314647614
81740298
370167493
932104034
295250399
814543817
510961352
33475887
24443708
202472978
348557741
387727616
721738433
151599447
240718789
547813498
771150518
119679918
153032360
454941063
936107059
220587217
292100149
784516180
123100486
522301195
588836854
248309607
53852316
649831821
27546793
653523582
992010338
429413527
790420699
208021032
716960043
200003548
470897667
591104894
348753418
799464188
249157411
425875541
132804546
478261380
839612604
327691618
896880742
60089889
262438665
20509766
659859554
655228277
795258554
114131047
958541104
10392768
226135738
312635975
